[0.013s] Invoking command in '/home/yct72/velodyne/velodyne_pointcloud/build/velodyne_pointcloud': /usr/bin/cmake /home/yct72/velodyne/velodyne_pointcloud -DCATKIN_INSTALL_INTO_PREFIX_ROOT=0 -DCMAKE_INSTALL_PREFIX=/home/yct72/velodyne/velodyne_pointcloud/install/velodyne_pointcloud
[0.096s] -- The C compiler identification is GNU 9.4.0
[0.179s] -- The CXX compiler identification is GNU 9.4.0
[0.187s] -- Check for working C compiler: /usr/bin/cc
[0.271s] -- Check for working C compiler: /usr/bin/cc -- works
[0.272s] -- Detecting C compiler ABI info
[0.366s] -- Detecting C compiler ABI info - done
[0.385s] -- Detecting C compile features
[0.386s] -- Detecting C compile features - done
[0.391s] -- Check for working CXX compiler: /usr/bin/c++
[0.506s] -- Check for working CXX compiler: /usr/bin/c++ -- works
[0.508s] -- Detecting CXX compiler ABI info
[0.603s] -- Detecting CXX compiler ABI info - done
[0.620s] -- Detecting CXX compile features
[0.621s] -- Detecting CXX compile features - done
[0.636s] CMake Error at CMakeLists.txt:26 (find_package):
[0.636s]   By not providing "Findcatkin.cmake" in CMAKE_MODULE_PATH this project has
[0.636s]   asked CMake to find a package configuration file provided by "catkin", but
[0.636s]   CMake did not find one.
[0.636s] 
[0.636s]   Could not find a package configuration file provided by "catkin" with any
[0.636s]   of the following names:
[0.636s] 
[0.636s]     catkinConfig.cmake
[0.636s]     catkin-config.cmake
[0.636s] 
[0.636s]   Add the installation prefix of "catkin" to CMAKE_PREFIX_PATH or set
[0.637s]   "catkin_DIR" to a directory containing one of the above files.  If "catkin"
[0.637s]   provides a separate development package or SDK, be sure it has been
[0.637s]   installed.
[0.637s] 
[0.637s] 
[0.637s] -- Configuring incomplete, errors occurred!
[0.637s] See also "/home/yct72/velodyne/velodyne_pointcloud/build/velodyne_pointcloud/CMakeFiles/CMakeOutput.log".
[0.641s] Invoked command in '/home/yct72/velodyne/velodyne_pointcloud/build/velodyne_pointcloud' returned '1': /usr/bin/cmake /home/yct72/velodyne/velodyne_pointcloud -DCATKIN_INSTALL_INTO_PREFIX_ROOT=0 -DCMAKE_INSTALL_PREFIX=/home/yct72/velodyne/velodyne_pointcloud/install/velodyne_pointcloud
