[0.207s] DEBUG:colcon:Command line arguments: ['/usr/bin/colcon', 'build']
[0.208s] DEBUG:colcon:Parsed command line arguments: Namespace(allow_overriding=[], ament_cmake_args=None, base_paths=['.'], build_base='build', catkin_cmake_args=None, catkin_skip_building_tests=False, cmake_args=None, cmake_clean_cache=False, cmake_clean_first=False, cmake_force_configure=False, cmake_target=None, cmake_target_skip_unavailable=False, continue_on_error=False, event_handlers=None, executor='parallel', ignore_user_meta=False, install_base='install', log_base=None, log_level=None, main=<bound method BuildVerb.main of <colcon_core.verb.build.BuildVerb object at 0x7fb378ccc760>>, merge_install=False, metas=['./colcon.meta'], packages_above=None, packages_above_and_dependencies=None, packages_above_depth=None, packages_end=None, packages_ignore=None, packages_ignore_regex=None, packages_select=None, packages_select_build_failed=False, packages_select_by_dep=None, packages_select_regex=None, packages_select_test_failures=False, packages_skip=None, packages_skip_build_finished=False, packages_skip_by_dep=None, packages_skip_regex=None, packages_skip_test_passed=False, packages_skip_up_to=None, packages_start=None, packages_up_to=None, packages_up_to_regex=None, parallel_workers=32, paths=None, symlink_install=False, test_result_base=None, verb_extension=<colcon_core.verb.build.BuildVerb object at 0x7fb378ccc760>, verb_name='build', verb_parser=<colcon_defaults.argument_parser.defaults.DefaultArgumentsDecorator object at 0x7fb378ccccd0>)
[0.243s] Level 1:colcon.colcon_core.package_discovery:discover_packages(colcon_meta) check parameters
[0.243s] Level 1:colcon.colcon_core.package_discovery:discover_packages(recursive) check parameters
[0.243s] Level 1:colcon.colcon_core.package_discovery:discover_packages(ignore) check parameters
[0.243s] Level 1:colcon.colcon_core.package_discovery:discover_packages(path) check parameters
[0.243s] Level 1:colcon.colcon_core.package_discovery:discover_packages(colcon_meta) discover
[0.244s] Level 1:colcon.colcon_core.package_discovery:discover_packages(recursive) discover
[0.244s] INFO:colcon.colcon_core.package_discovery:Crawling recursively for packages in '/home/yct72/velodyne/velodyne_pointcloud'
[0.244s] Level 1:colcon.colcon_core.package_identification:_identify(.) by extensions ['ignore', 'ignore_ament_install']
[0.244s] Level 1:colcon.colcon_core.package_identification:_identify(.) by extension 'ignore'
[0.244s] Level 1:colcon.colcon_core.package_identification:_identify(.) by extension 'ignore_ament_install'
[0.244s] Level 1:colcon.colcon_core.package_identification:_identify(.) by extensions ['colcon_pkg']
[0.244s] Level 1:colcon.colcon_core.package_identification:_identify(.) by extension 'colcon_pkg'
[0.244s] Level 1:colcon.colcon_core.package_identification:_identify(.) by extensions ['colcon_meta']
[0.244s] Level 1:colcon.colcon_core.package_identification:_identify(.) by extension 'colcon_meta'
[0.244s] Level 1:colcon.colcon_core.package_identification:_identify(.) by extensions ['ros']
[0.244s] Level 1:colcon.colcon_core.package_identification:_identify(.) by extension 'ros'
[0.264s] DEBUG:colcon.colcon_core.package_identification:Package '.' with type 'ros.ament_cmake' and name 'velodyne_pointcloud'
[0.264s] Level 1:colcon.colcon_core.package_discovery:discover_packages(recursive) using defaults
[0.264s] Level 1:colcon.colcon_core.package_discovery:discover_packages(ignore) discover
[0.264s] Level 1:colcon.colcon_core.package_discovery:discover_packages(ignore) using defaults
[0.264s] Level 1:colcon.colcon_core.package_discovery:discover_packages(path) discover
[0.264s] Level 1:colcon.colcon_core.package_discovery:discover_packages(path) using defaults
[0.309s] Level 1:colcon.colcon_core.package_discovery:discover_packages(prefix_path) check parameters
[0.309s] Level 1:colcon.colcon_core.package_discovery:discover_packages(prefix_path) discover
[0.313s] DEBUG:colcon.colcon_installed_package_information.package_discovery:Found 1 installed packages in /home/yct72/velodyne/velodyne_pointcloud/install
[0.316s] DEBUG:colcon.colcon_installed_package_information.package_discovery:Found 269 installed packages in /opt/ros/galactic
[0.318s] Level 1:colcon.colcon_core.package_discovery:discover_packages(prefix_path) using defaults
[0.411s] Level 5:colcon.colcon_core.verb:set package 'velodyne_pointcloud' build argument 'cmake_args' from command line to 'None'
[0.411s] Level 5:colcon.colcon_core.verb:set package 'velodyne_pointcloud' build argument 'cmake_target' from command line to 'None'
[0.411s] Level 5:colcon.colcon_core.verb:set package 'velodyne_pointcloud' build argument 'cmake_target_skip_unavailable' from command line to 'False'
[0.411s] Level 5:colcon.colcon_core.verb:set package 'velodyne_pointcloud' build argument 'cmake_clean_cache' from command line to 'False'
[0.411s] Level 5:colcon.colcon_core.verb:set package 'velodyne_pointcloud' build argument 'cmake_clean_first' from command line to 'False'
[0.411s] Level 5:colcon.colcon_core.verb:set package 'velodyne_pointcloud' build argument 'cmake_force_configure' from command line to 'False'
[0.411s] Level 5:colcon.colcon_core.verb:set package 'velodyne_pointcloud' build argument 'ament_cmake_args' from command line to 'None'
[0.411s] Level 5:colcon.colcon_core.verb:set package 'velodyne_pointcloud' build argument 'catkin_cmake_args' from command line to 'None'
[0.411s] Level 5:colcon.colcon_core.verb:set package 'velodyne_pointcloud' build argument 'catkin_skip_building_tests' from command line to 'False'
[0.411s] DEBUG:colcon.colcon_core.verb:Building package 'velodyne_pointcloud' with the following arguments: {'ament_cmake_args': None, 'build_base': '/home/yct72/velodyne/velodyne_pointcloud/build/velodyne_pointcloud', 'catkin_cmake_args': None, 'catkin_skip_building_tests': False, 'cmake_args': None, 'cmake_clean_cache': False, 'cmake_clean_first': False, 'cmake_force_configure': False, 'cmake_target': None, 'cmake_target_skip_unavailable': False, 'install_base': '/home/yct72/velodyne/velodyne_pointcloud/install/velodyne_pointcloud', 'merge_install': False, 'path': '/home/yct72/velodyne/velodyne_pointcloud', 'symlink_install': False, 'test_result_base': None}
[0.412s] INFO:colcon.colcon_core.executor:Executing jobs using 'parallel' executor
[0.420s] DEBUG:colcon.colcon_parallel_executor.executor.parallel:run_until_complete
[0.420s] INFO:colcon.colcon_ros.task.ament_cmake.build:Building ROS package in '/home/yct72/velodyne/velodyne_pointcloud' with build type 'ament_cmake'
[0.420s] INFO:colcon.colcon_cmake.task.cmake.build:Building CMake package in '/home/yct72/velodyne/velodyne_pointcloud'
[0.427s] INFO:colcon.colcon_core.plugin_system:Skipping extension 'colcon_core.shell.bat': Not used on non-Windows systems
[0.428s] INFO:colcon.colcon_core.shell:Skip shell extension 'powershell' for command environment: Not usable outside of PowerShell
[0.428s] DEBUG:colcon.colcon_core.shell:Skip shell extension 'dsv' for command environment
[0.443s] DEBUG:colcon.colcon_core.event_handler.log_command:Invoking command in '/home/yct72/velodyne/velodyne_pointcloud/build/velodyne_pointcloud': CMAKE_PREFIX_PATH=/opt/ros/galactic /usr/bin/cmake /home/yct72/velodyne/velodyne_pointcloud -DCMAKE_INSTALL_PREFIX=/home/yct72/velodyne/velodyne_pointcloud/install/velodyne_pointcloud
[0.606s] DEBUG:colcon.colcon_core.event_handler.log_command:Invoked command in '/home/yct72/velodyne/velodyne_pointcloud/build/velodyne_pointcloud' returned '1': CMAKE_PREFIX_PATH=/opt/ros/galactic /usr/bin/cmake /home/yct72/velodyne/velodyne_pointcloud -DCMAKE_INSTALL_PREFIX=/home/yct72/velodyne/velodyne_pointcloud/install/velodyne_pointcloud
[0.626s] Level 1:colcon.colcon_core.environment:create_environment_scripts_only(velodyne_pointcloud)
[0.633s] Level 1:colcon.colcon_core.environment:checking '/home/yct72/velodyne/velodyne_pointcloud/install/velodyne_pointcloud' for CMake module files
[0.634s] Level 1:colcon.colcon_core.environment:checking '/home/yct72/velodyne/velodyne_pointcloud/install/velodyne_pointcloud' for CMake config files
[0.635s] Level 1:colcon.colcon_core.environment:checking '/home/yct72/velodyne/velodyne_pointcloud/install/velodyne_pointcloud/bin'
[0.635s] Level 1:colcon.colcon_core.environment:checking '/home/yct72/velodyne/velodyne_pointcloud/install/velodyne_pointcloud/lib/pkgconfig/velodyne_pointcloud.pc'
[0.635s] Level 1:colcon.colcon_core.environment:checking '/home/yct72/velodyne/velodyne_pointcloud/install/velodyne_pointcloud/lib/python3.8/site-packages'
[0.635s] Level 1:colcon.colcon_core.environment:checking '/home/yct72/velodyne/velodyne_pointcloud/install/velodyne_pointcloud/bin'
[0.638s] INFO:colcon.colcon_core.shell:Creating package script '/home/yct72/velodyne/velodyne_pointcloud/install/velodyne_pointcloud/share/velodyne_pointcloud/package.ps1'
[0.639s] INFO:colcon.colcon_core.shell:Creating package descriptor '/home/yct72/velodyne/velodyne_pointcloud/install/velodyne_pointcloud/share/velodyne_pointcloud/package.dsv'
[0.640s] INFO:colcon.colcon_core.shell:Creating package script '/home/yct72/velodyne/velodyne_pointcloud/install/velodyne_pointcloud/share/velodyne_pointcloud/package.sh'
[0.641s] INFO:colcon.colcon_core.shell:Creating package script '/home/yct72/velodyne/velodyne_pointcloud/install/velodyne_pointcloud/share/velodyne_pointcloud/package.bash'
[0.642s] INFO:colcon.colcon_core.shell:Creating package script '/home/yct72/velodyne/velodyne_pointcloud/install/velodyne_pointcloud/share/velodyne_pointcloud/package.zsh'
[0.643s] Level 1:colcon.colcon_core.environment:create_file_with_runtime_dependencies(/home/yct72/velodyne/velodyne_pointcloud/install/velodyne_pointcloud/share/colcon-core/packages/velodyne_pointcloud)
[0.643s] DEBUG:colcon.colcon_parallel_executor.executor.parallel:closing loop
[0.644s] DEBUG:colcon.colcon_parallel_executor.executor.parallel:loop closed
[0.644s] DEBUG:colcon.colcon_parallel_executor.executor.parallel:run_until_complete finished with '1'
[0.644s] DEBUG:colcon.colcon_core.event_reactor:joining thread
[0.652s] INFO:colcon.colcon_core.plugin_system:Skipping extension 'colcon_notification.desktop_notification.terminal_notifier': Not used on non-Darwin systems
[0.652s] INFO:colcon.colcon_core.plugin_system:Skipping extension 'colcon_notification.desktop_notification.win32': Not used on non-Windows systems
[0.652s] INFO:colcon.colcon_notification.desktop_notification:Sending desktop notification using 'notify2'
[0.654s] DEBUG:colcon.colcon_notification.desktop_notification.notify2:Failed to initialize notify2: org.freedesktop.DBus.Error.FileExists: Unit xfce4-notifyd.service failed to load properly: File exists.
[0.654s] DEBUG:colcon.colcon_core.event_reactor:joined thread
[0.656s] INFO:colcon.colcon_core.shell:Creating prefix script '/home/yct72/velodyne/velodyne_pointcloud/install/local_setup.ps1'
[0.657s] INFO:colcon.colcon_core.shell:Creating prefix util module '/home/yct72/velodyne/velodyne_pointcloud/install/_local_setup_util_ps1.py'
[0.658s] INFO:colcon.colcon_core.shell:Creating prefix chain script '/home/yct72/velodyne/velodyne_pointcloud/install/setup.ps1'
[0.659s] INFO:colcon.colcon_core.shell:Creating prefix script '/home/yct72/velodyne/velodyne_pointcloud/install/local_setup.sh'
[0.660s] INFO:colcon.colcon_core.shell:Creating prefix util module '/home/yct72/velodyne/velodyne_pointcloud/install/_local_setup_util_sh.py'
[0.660s] INFO:colcon.colcon_core.shell:Creating prefix chain script '/home/yct72/velodyne/velodyne_pointcloud/install/setup.sh'
[0.661s] INFO:colcon.colcon_core.shell:Creating prefix script '/home/yct72/velodyne/velodyne_pointcloud/install/local_setup.bash'
[0.662s] INFO:colcon.colcon_core.shell:Creating prefix chain script '/home/yct72/velodyne/velodyne_pointcloud/install/setup.bash'
[0.663s] INFO:colcon.colcon_core.shell:Creating prefix script '/home/yct72/velodyne/velodyne_pointcloud/install/local_setup.zsh'
[0.664s] INFO:colcon.colcon_core.shell:Creating prefix chain script '/home/yct72/velodyne/velodyne_pointcloud/install/setup.zsh'
